<?xml version="1.0" encoding="UTF-8"?>
<!-- Generated by org.testng.reporters.JUnitReportReporter -->
<testsuite hostname="W8x64" failures="0" tests="1" name="com.com.assignments.CreateOrganizationAndVerifyTest" time="18.513" errors="0" timestamp="21 Jun 2022 08:32:25 GMT" skipped="0">
  <testcase classname="com.com.assignments.CreateOrganizationAndVerifyTest" name="CreateOrganizationTest" time="18.513"/>
</testsuite> <!-- com.com.assignments.CreateOrganizationAndVerifyTest -->
