<?xml version="1.0" encoding="UTF-8"?>
<!-- Generated by org.testng.reporters.JUnitReportReporter -->
<testsuite hostname="W8x64" failures="0" tests="1" name="com.com.assignments.CreateOrganizationAndVerify" time="18.614" errors="0" timestamp="20 Jun 2022 09:13:27 GMT" skipped="0">
  <testcase classname="com.com.assignments.CreateOrganizationAndVerify" name="CreateOrganizationTest" time="18.614"/>
</testsuite> <!-- com.com.assignments.CreateOrganizationAndVerify -->
