<?xml version="1.0" encoding="UTF-8"?>
<!-- Generated by org.testng.reporters.JUnitReportReporter -->
<testsuite hostname="W8x64" failures="0" tests="2" name="com.comtestNg.DataProviderFromExcelTest" time="0.027" errors="0" timestamp="15 Jun 2022 01:29:56 GMT" skipped="0">
  <testcase classname="com.comtestNg.DataProviderFromExcelTest" name="Propfile" time="0.013"/>
  <testcase classname="com.comtestNg.DataProviderFromExcelTest" name="Propfile" time="0.014"/>
</testsuite> <!-- com.comtestNg.DataProviderFromExcelTest -->
