<?xml version="1.0" encoding="UTF-8"?>
<!-- Generated by org.testng.reporters.JUnitReportReporter -->
<testsuite hostname="W8x64" failures="0" tests="1" name="com.com.assignment1.SampleTest" time="10.285" errors="0" timestamp="18 Jun 2022 03:30:27 GMT" skipped="0">
  <testcase classname="com.com.assignment1.SampleTest" name="loginLogout" time="10.285"/>
</testsuite> <!-- com.com.assignment1.SampleTest -->
