<?xml version="1.0" encoding="UTF-8"?>
<!-- Generated by org.testng.reporters.JUnitReportReporter -->
<testsuite hostname="W8x64" failures="0" tests="3" name="com.comtestNg.DataProviderBooking" time="0.021" errors="0" timestamp="15 Jun 2022 00:34:55 GMT" skipped="0">
  <testcase classname="com.comtestNg.DataProviderBooking" name="ticketBook" time="0.015"/>
  <testcase classname="com.comtestNg.DataProviderBooking" name="ticketBook" time="0.002"/>
  <testcase classname="com.comtestNg.DataProviderBooking" name="ticketBook" time="0.004"/>
</testsuite> <!-- com.comtestNg.DataProviderBooking -->
